<?xml version="1.0"?>
<!DOCTYPE coverage SYSTEM "http://cobertura.sourceforge.net/xml/coverage-04.dtd">

<coverage line-rate="0.0" branch-rate="0.0" lines-covered="0" lines-valid="682" branches-covered="0" branches-valid="52" complexity="1.24" version="1.9.4.1" timestamp="1385065087510">
	<sources>
		<source>--source</source>
		<source>/home/felipe/NetBeansProjects/ProjetoAmbientalSensores/src</source>
	</sources>
	<packages>
		<package name="br.ufrn.GUI" line-rate="0.0" branch-rate="0.0" complexity="1.3">
			<classes>
				<class name="br.ufrn.GUI.Sensores" filename="br/ufrn/GUI/Sensores.java" line-rate="0.0" branch-rate="0.0" complexity="1.3">
					<methods>
						<method name="&lt;init&gt;" signature="()V" line-rate="0.0" branch-rate="1.0">
							<lines>
								<line number="19" hits="0" branch="false"/>
								<line number="20" hits="0" branch="false"/>
								<line number="21" hits="0" branch="false"/>
								<line number="919" hits="0" branch="false"/>
							</lines>
						</method>
						<method name="ComboBoxAge1ActionPerformed" signature="(Ljava/awt/event/ActionEvent;)V" line-rate="0.0" branch-rate="1.0">
							<lines>
								<line number="1134" hits="0" branch="false"/>
								<line number="1135" hits="0" branch="false"/>
								<line number="1136" hits="0" branch="false"/>
							</lines>
						</method>
						<method name="ComboBoxAge2ActionPerformed" signature="(Ljava/awt/event/ActionEvent;)V" line-rate="0.0" branch-rate="1.0">
							<lines>
								<line number="1139" hits="0" branch="false"/>
								<line number="1140" hits="0" branch="false"/>
								<line number="1141" hits="0" branch="false"/>
							</lines>
						</method>
						<method name="ComboBoxAge3ActionPerformed" signature="(Ljava/awt/event/ActionEvent;)V" line-rate="0.0" branch-rate="1.0">
							<lines>
								<line number="1144" hits="0" branch="false"/>
								<line number="1145" hits="0" branch="false"/>
								<line number="1146" hits="0" branch="false"/>
							</lines>
						</method>
						<method name="ComboBoxAge4ActionPerformed" signature="(Ljava/awt/event/ActionEvent;)V" line-rate="0.0" branch-rate="1.0">
							<lines>
								<line number="1149" hits="0" branch="false"/>
								<line number="1150" hits="0" branch="false"/>
								<line number="1151" hits="0" branch="false"/>
							</lines>
						</method>
						<method name="ComboVento1ActionPerformed" signature="(Ljava/awt/event/ActionEvent;)V" line-rate="0.0" branch-rate="1.0">
							<lines>
								<line number="1002" hits="0" branch="false"/>
								<line number="1003" hits="0" branch="false"/>
								<line number="1004" hits="0" branch="false"/>
							</lines>
						</method>
						<method name="ComboVento2ActionPerformed" signature="(Ljava/awt/event/ActionEvent;)V" line-rate="0.0" branch-rate="1.0">
							<lines>
								<line number="1007" hits="0" branch="false"/>
								<line number="1008" hits="0" branch="false"/>
								<line number="1009" hits="0" branch="false"/>
							</lines>
						</method>
						<method name="ComboVento3ActionPerformed" signature="(Ljava/awt/event/ActionEvent;)V" line-rate="0.0" branch-rate="1.0">
							<lines>
								<line number="1012" hits="0" branch="false"/>
								<line number="1013" hits="0" branch="false"/>
								<line number="1014" hits="0" branch="false"/>
							</lines>
						</method>
						<method name="ComboVento4ActionPerformed" signature="(Ljava/awt/event/ActionEvent;)V" line-rate="0.0" branch-rate="1.0">
							<lines>
								<line number="1017" hits="0" branch="false"/>
								<line number="1018" hits="0" branch="false"/>
								<line number="1019" hits="0" branch="false"/>
							</lines>
						</method>
						<method name="RadioButtonInc1ActionPerformed" signature="(Ljava/awt/event/ActionEvent;)V" line-rate="0.0" branch-rate="0.0">
							<lines>
								<line number="1054" hits="0" branch="true" condition-coverage="0% (0/2)">
									<conditions>
										<condition number="0" type="jump" coverage="0%"/>
									</conditions>
								</line>
								<line number="1055" hits="0" branch="false"/>
								<line number="1057" hits="0" branch="false"/>
								<line number="1059" hits="0" branch="false"/>
							</lines>
						</method>
						<method name="RadioButtonInc2ActionPerformed" signature="(Ljava/awt/event/ActionEvent;)V" line-rate="0.0" branch-rate="0.0">
							<lines>
								<line number="1062" hits="0" branch="true" condition-coverage="0% (0/2)">
									<conditions>
										<condition number="0" type="jump" coverage="0%"/>
									</conditions>
								</line>
								<line number="1063" hits="0" branch="false"/>
								<line number="1065" hits="0" branch="false"/>
								<line number="1067" hits="0" branch="false"/>
							</lines>
						</method>
						<method name="RadioButtonInc3ActionPerformed" signature="(Ljava/awt/event/ActionEvent;)V" line-rate="0.0" branch-rate="0.0">
							<lines>
								<line number="1070" hits="0" branch="true" condition-coverage="0% (0/2)">
									<conditions>
										<condition number="0" type="jump" coverage="0%"/>
									</conditions>
								</line>
								<line number="1071" hits="0" branch="false"/>
								<line number="1073" hits="0" branch="false"/>
								<line number="1075" hits="0" branch="false"/>
							</lines>
						</method>
						<method name="RadioButtonInc4ActionPerformed" signature="(Ljava/awt/event/ActionEvent;)V" line-rate="0.0" branch-rate="0.0">
							<lines>
								<line number="1078" hits="0" branch="true" condition-coverage="0% (0/2)">
									<conditions>
										<condition number="0" type="jump" coverage="0%"/>
									</conditions>
								</line>
								<line number="1079" hits="0" branch="false"/>
								<line number="1081" hits="0" branch="false"/>
								<line number="1083" hits="0" branch="false"/>
							</lines>
						</method>
						<method name="SliderBarA1StateChanged" signature="(Ljavax/swing/event/ChangeEvent;)V" line-rate="0.0" branch-rate="1.0">
							<lines>
								<line number="986" hits="0" branch="false"/>
								<line number="987" hits="0" branch="false"/>
							</lines>
						</method>
						<method name="SliderBarA2StateChanged" signature="(Ljavax/swing/event/ChangeEvent;)V" line-rate="0.0" branch-rate="1.0">
							<lines>
								<line number="990" hits="0" branch="false"/>
								<line number="991" hits="0" branch="false"/>
							</lines>
						</method>
						<method name="SliderBarA3StateChanged" signature="(Ljavax/swing/event/ChangeEvent;)V" line-rate="0.0" branch-rate="1.0">
							<lines>
								<line number="994" hits="0" branch="false"/>
								<line number="995" hits="0" branch="false"/>
							</lines>
						</method>
						<method name="SliderBarA4StateChanged" signature="(Ljavax/swing/event/ChangeEvent;)V" line-rate="0.0" branch-rate="1.0">
							<lines>
								<line number="998" hits="0" branch="false"/>
								<line number="999" hits="0" branch="false"/>
							</lines>
						</method>
						<method name="SliderChuvA1StateChanged" signature="(Ljavax/swing/event/ChangeEvent;)V" line-rate="0.0" branch-rate="1.0">
							<lines>
								<line number="970" hits="0" branch="false"/>
								<line number="971" hits="0" branch="false"/>
							</lines>
						</method>
						<method name="SliderChuvA2StateChanged" signature="(Ljavax/swing/event/ChangeEvent;)V" line-rate="0.0" branch-rate="1.0">
							<lines>
								<line number="974" hits="0" branch="false"/>
								<line number="975" hits="0" branch="false"/>
							</lines>
						</method>
						<method name="SliderChuvA3StateChanged" signature="(Ljavax/swing/event/ChangeEvent;)V" line-rate="0.0" branch-rate="1.0">
							<lines>
								<line number="978" hits="0" branch="false"/>
								<line number="979" hits="0" branch="false"/>
							</lines>
						</method>
						<method name="SliderChuvA4StateChanged" signature="(Ljavax/swing/event/ChangeEvent;)V" line-rate="0.0" branch-rate="1.0">
							<lines>
								<line number="982" hits="0" branch="false"/>
								<line number="983" hits="0" branch="false"/>
							</lines>
						</method>
						<method name="SliderFluxA1StateChanged" signature="(Ljavax/swing/event/ChangeEvent;)V" line-rate="0.0" branch-rate="1.0">
							<lines>
								<line number="938" hits="0" branch="false"/>
								<line number="939" hits="0" branch="false"/>
							</lines>
						</method>
						<method name="SliderFluxA2StateChanged" signature="(Ljavax/swing/event/ChangeEvent;)V" line-rate="0.0" branch-rate="1.0">
							<lines>
								<line number="942" hits="0" branch="false"/>
								<line number="943" hits="0" branch="false"/>
							</lines>
						</method>
						<method name="SliderFluxA3StateChanged" signature="(Ljavax/swing/event/ChangeEvent;)V" line-rate="0.0" branch-rate="1.0">
							<lines>
								<line number="946" hits="0" branch="false"/>
								<line number="947" hits="0" branch="false"/>
							</lines>
						</method>
						<method name="SliderFluxA4StateChanged" signature="(Ljavax/swing/event/ChangeEvent;)V" line-rate="0.0" branch-rate="1.0">
							<lines>
								<line number="950" hits="0" branch="false"/>
								<line number="951" hits="0" branch="false"/>
							</lines>
						</method>
						<method name="SliderLixo1StateChanged" signature="(Ljavax/swing/event/ChangeEvent;)V" line-rate="0.0" branch-rate="0.0">
							<lines>
								<line number="1086" hits="0" branch="false"/>
								<line number="1087" hits="0" branch="true" condition-coverage="0% (0/10)">
									<conditions>
										<condition number="0" type="jump" coverage="0%"/>
										<condition number="1" type="jump" coverage="0%"/>
										<condition number="2" type="jump" coverage="0%"/>
										<condition number="3" type="jump" coverage="0%"/>
										<condition number="4" type="jump" coverage="0%"/>
									</conditions>
								</line>
								<line number="1088" hits="0" branch="false"/>
								<line number="1089" hits="0" branch="false"/>
								<line number="1090" hits="0" branch="false"/>
								<line number="1091" hits="0" branch="false"/>
								<line number="1092" hits="0" branch="false"/>
								<line number="1095" hits="0" branch="false"/>
							</lines>
						</method>
						<method name="SliderLixo2StateChanged" signature="(Ljavax/swing/event/ChangeEvent;)V" line-rate="0.0" branch-rate="0.0">
							<lines>
								<line number="1098" hits="0" branch="false"/>
								<line number="1099" hits="0" branch="true" condition-coverage="0% (0/10)">
									<conditions>
										<condition number="0" type="jump" coverage="0%"/>
										<condition number="1" type="jump" coverage="0%"/>
										<condition number="2" type="jump" coverage="0%"/>
										<condition number="3" type="jump" coverage="0%"/>
										<condition number="4" type="jump" coverage="0%"/>
									</conditions>
								</line>
								<line number="1100" hits="0" branch="false"/>
								<line number="1101" hits="0" branch="false"/>
								<line number="1102" hits="0" branch="false"/>
								<line number="1103" hits="0" branch="false"/>
								<line number="1104" hits="0" branch="false"/>
								<line number="1107" hits="0" branch="false"/>
							</lines>
						</method>
						<method name="SliderLixo3StateChanged" signature="(Ljavax/swing/event/ChangeEvent;)V" line-rate="0.0" branch-rate="0.0">
							<lines>
								<line number="1110" hits="0" branch="false"/>
								<line number="1111" hits="0" branch="true" condition-coverage="0% (0/10)">
									<conditions>
										<condition number="0" type="jump" coverage="0%"/>
										<condition number="1" type="jump" coverage="0%"/>
										<condition number="2" type="jump" coverage="0%"/>
										<condition number="3" type="jump" coverage="0%"/>
										<condition number="4" type="jump" coverage="0%"/>
									</conditions>
								</line>
								<line number="1112" hits="0" branch="false"/>
								<line number="1113" hits="0" branch="false"/>
								<line number="1114" hits="0" branch="false"/>
								<line number="1115" hits="0" branch="false"/>
								<line number="1116" hits="0" branch="false"/>
								<line number="1119" hits="0" branch="false"/>
							</lines>
						</method>
						<method name="SliderLixo4StateChanged" signature="(Ljavax/swing/event/ChangeEvent;)V" line-rate="0.0" branch-rate="0.0">
							<lines>
								<line number="1122" hits="0" branch="false"/>
								<line number="1123" hits="0" branch="true" condition-coverage="0% (0/10)">
									<conditions>
										<condition number="0" type="jump" coverage="0%"/>
										<condition number="1" type="jump" coverage="0%"/>
										<condition number="2" type="jump" coverage="0%"/>
										<condition number="3" type="jump" coverage="0%"/>
										<condition number="4" type="jump" coverage="0%"/>
									</conditions>
								</line>
								<line number="1124" hits="0" branch="false"/>
								<line number="1125" hits="0" branch="false"/>
								<line number="1126" hits="0" branch="false"/>
								<line number="1127" hits="0" branch="false"/>
								<line number="1128" hits="0" branch="false"/>
								<line number="1131" hits="0" branch="false"/>
							</lines>
						</method>
						<method name="SliderPolA1StateChanged" signature="(Ljavax/swing/event/ChangeEvent;)V" line-rate="0.0" branch-rate="1.0">
							<lines>
								<line number="922" hits="0" branch="false"/>
								<line number="923" hits="0" branch="false"/>
							</lines>
						</method>
						<method name="SliderPolA2StateChanged" signature="(Ljavax/swing/event/ChangeEvent;)V" line-rate="0.0" branch-rate="1.0">
							<lines>
								<line number="926" hits="0" branch="false"/>
								<line number="927" hits="0" branch="false"/>
							</lines>
						</method>
						<method name="SliderPolA3StateChanged" signature="(Ljavax/swing/event/ChangeEvent;)V" line-rate="0.0" branch-rate="1.0">
							<lines>
								<line number="930" hits="0" branch="false"/>
								<line number="931" hits="0" branch="false"/>
							</lines>
						</method>
						<method name="SliderPolA4StateChanged" signature="(Ljavax/swing/event/ChangeEvent;)V" line-rate="0.0" branch-rate="1.0">
							<lines>
								<line number="934" hits="0" branch="false"/>
								<line number="935" hits="0" branch="false"/>
							</lines>
						</method>
						<method name="SliderTempA1StateChanged" signature="(Ljavax/swing/event/ChangeEvent;)V" line-rate="0.0" branch-rate="1.0">
							<lines>
								<line number="1022" hits="0" branch="false"/>
								<line number="1023" hits="0" branch="false"/>
							</lines>
						</method>
						<method name="SliderTempA2StateChanged" signature="(Ljavax/swing/event/ChangeEvent;)V" line-rate="0.0" branch-rate="1.0">
							<lines>
								<line number="1026" hits="0" branch="false"/>
								<line number="1027" hits="0" branch="false"/>
							</lines>
						</method>
						<method name="SliderTempA3StateChanged" signature="(Ljavax/swing/event/ChangeEvent;)V" line-rate="0.0" branch-rate="1.0">
							<lines>
								<line number="1030" hits="0" branch="false"/>
								<line number="1031" hits="0" branch="false"/>
							</lines>
						</method>
						<method name="SliderTempA4StateChanged" signature="(Ljavax/swing/event/ChangeEvent;)V" line-rate="0.0" branch-rate="1.0">
							<lines>
								<line number="1034" hits="0" branch="false"/>
								<line number="1035" hits="0" branch="false"/>
							</lines>
						</method>
						<method name="SliderUmidA1StateChanged" signature="(Ljavax/swing/event/ChangeEvent;)V" line-rate="0.0" branch-rate="1.0">
							<lines>
								<line number="1038" hits="0" branch="false"/>
								<line number="1039" hits="0" branch="false"/>
							</lines>
						</method>
						<method name="SliderUmidA2StateChanged" signature="(Ljavax/swing/event/ChangeEvent;)V" line-rate="0.0" branch-rate="1.0">
							<lines>
								<line number="1042" hits="0" branch="false"/>
								<line number="1043" hits="0" branch="false"/>
							</lines>
						</method>
						<method name="SliderUmidA3StateChanged" signature="(Ljavax/swing/event/ChangeEvent;)V" line-rate="0.0" branch-rate="1.0">
							<lines>
								<line number="1046" hits="0" branch="false"/>
								<line number="1047" hits="0" branch="false"/>
							</lines>
						</method>
						<method name="SliderUmidA4StateChanged" signature="(Ljavax/swing/event/ChangeEvent;)V" line-rate="0.0" branch-rate="1.0">
							<lines>
								<line number="1050" hits="0" branch="false"/>
								<line number="1051" hits="0" branch="false"/>
							</lines>
						</method>
						<method name="SliderVentA1StateChanged" signature="(Ljavax/swing/event/ChangeEvent;)V" line-rate="0.0" branch-rate="1.0">
							<lines>
								<line number="954" hits="0" branch="false"/>
								<line number="955" hits="0" branch="false"/>
							</lines>
						</method>
						<method name="SliderVentA2StateChanged" signature="(Ljavax/swing/event/ChangeEvent;)V" line-rate="0.0" branch-rate="1.0">
							<lines>
								<line number="958" hits="0" branch="false"/>
								<line number="959" hits="0" branch="false"/>
							</lines>
						</method>
						<method name="SliderVentA3StateChanged" signature="(Ljavax/swing/event/ChangeEvent;)V" line-rate="0.0" branch-rate="1.0">
							<lines>
								<line number="962" hits="0" branch="false"/>
								<line number="963" hits="0" branch="false"/>
							</lines>
						</method>
						<method name="SliderVentA4StateChanged" signature="(Ljavax/swing/event/ChangeEvent;)V" line-rate="0.0" branch-rate="1.0">
							<lines>
								<line number="966" hits="0" branch="false"/>
								<line number="967" hits="0" branch="false"/>
							</lines>
						</method>
						<method name="access$000" signature="(Lbr/ufrn/GUI/Sensores;Ljavax/swing/event/ChangeEvent;)V" line-rate="1.0" branch-rate="1.0">
							<lines>
							</lines>
						</method>
						<method name="access$100" signature="(Lbr/ufrn/GUI/Sensores;Ljavax/swing/event/ChangeEvent;)V" line-rate="1.0" branch-rate="1.0">
							<lines>
							</lines>
						</method>
						<method name="access$1000" signature="(Lbr/ufrn/GUI/Sensores;Ljava/awt/event/ActionEvent;)V" line-rate="1.0" branch-rate="1.0">
							<lines>
							</lines>
						</method>
						<method name="access$1100" signature="(Lbr/ufrn/GUI/Sensores;Ljavax/swing/event/ChangeEvent;)V" line-rate="1.0" branch-rate="1.0">
							<lines>
							</lines>
						</method>
						<method name="access$1200" signature="(Lbr/ufrn/GUI/Sensores;Ljavax/swing/event/ChangeEvent;)V" line-rate="1.0" branch-rate="1.0">
							<lines>
							</lines>
						</method>
						<method name="access$1300" signature="(Lbr/ufrn/GUI/Sensores;Ljavax/swing/event/ChangeEvent;)V" line-rate="1.0" branch-rate="1.0">
							<lines>
							</lines>
						</method>
						<method name="access$1400" signature="(Lbr/ufrn/GUI/Sensores;Ljavax/swing/event/ChangeEvent;)V" line-rate="1.0" branch-rate="1.0">
							<lines>
							</lines>
						</method>
						<method name="access$1500" signature="(Lbr/ufrn/GUI/Sensores;Ljavax/swing/event/ChangeEvent;)V" line-rate="1.0" branch-rate="1.0">
							<lines>
							</lines>
						</method>
						<method name="access$1600" signature="(Lbr/ufrn/GUI/Sensores;Ljavax/swing/event/ChangeEvent;)V" line-rate="1.0" branch-rate="1.0">
							<lines>
							</lines>
						</method>
						<method name="access$1700" signature="(Lbr/ufrn/GUI/Sensores;Ljava/awt/event/ActionEvent;)V" line-rate="1.0" branch-rate="1.0">
							<lines>
							</lines>
						</method>
						<method name="access$1800" signature="(Lbr/ufrn/GUI/Sensores;Ljavax/swing/event/ChangeEvent;)V" line-rate="1.0" branch-rate="1.0">
							<lines>
							</lines>
						</method>
						<method name="access$1900" signature="(Lbr/ufrn/GUI/Sensores;Ljavax/swing/event/ChangeEvent;)V" line-rate="1.0" branch-rate="1.0">
							<lines>
							</lines>
						</method>
						<method name="access$200" signature="(Lbr/ufrn/GUI/Sensores;Ljavax/swing/event/ChangeEvent;)V" line-rate="1.0" branch-rate="1.0">
							<lines>
							</lines>
						</method>
						<method name="access$2000" signature="(Lbr/ufrn/GUI/Sensores;Ljava/awt/event/ActionEvent;)V" line-rate="1.0" branch-rate="1.0">
							<lines>
							</lines>
						</method>
						<method name="access$2100" signature="(Lbr/ufrn/GUI/Sensores;Ljavax/swing/event/ChangeEvent;)V" line-rate="1.0" branch-rate="1.0">
							<lines>
							</lines>
						</method>
						<method name="access$2200" signature="(Lbr/ufrn/GUI/Sensores;Ljava/awt/event/ActionEvent;)V" line-rate="1.0" branch-rate="1.0">
							<lines>
							</lines>
						</method>
						<method name="access$2300" signature="(Lbr/ufrn/GUI/Sensores;Ljavax/swing/event/ChangeEvent;)V" line-rate="1.0" branch-rate="1.0">
							<lines>
							</lines>
						</method>
						<method name="access$2400" signature="(Lbr/ufrn/GUI/Sensores;Ljavax/swing/event/ChangeEvent;)V" line-rate="1.0" branch-rate="1.0">
							<lines>
							</lines>
						</method>
						<method name="access$2500" signature="(Lbr/ufrn/GUI/Sensores;Ljavax/swing/event/ChangeEvent;)V" line-rate="1.0" branch-rate="1.0">
							<lines>
							</lines>
						</method>
						<method name="access$2600" signature="(Lbr/ufrn/GUI/Sensores;Ljavax/swing/event/ChangeEvent;)V" line-rate="1.0" branch-rate="1.0">
							<lines>
							</lines>
						</method>
						<method name="access$2700" signature="(Lbr/ufrn/GUI/Sensores;Ljavax/swing/event/ChangeEvent;)V" line-rate="1.0" branch-rate="1.0">
							<lines>
							</lines>
						</method>
						<method name="access$2800" signature="(Lbr/ufrn/GUI/Sensores;Ljavax/swing/event/ChangeEvent;)V" line-rate="1.0" branch-rate="1.0">
							<lines>
							</lines>
						</method>
						<method name="access$2900" signature="(Lbr/ufrn/GUI/Sensores;Ljava/awt/event/ActionEvent;)V" line-rate="1.0" branch-rate="1.0">
							<lines>
							</lines>
						</method>
						<method name="access$300" signature="(Lbr/ufrn/GUI/Sensores;Ljavax/swing/event/ChangeEvent;)V" line-rate="1.0" branch-rate="1.0">
							<lines>
							</lines>
						</method>
						<method name="access$3000" signature="(Lbr/ufrn/GUI/Sensores;Ljavax/swing/event/ChangeEvent;)V" line-rate="1.0" branch-rate="1.0">
							<lines>
							</lines>
						</method>
						<method name="access$3100" signature="(Lbr/ufrn/GUI/Sensores;Ljavax/swing/event/ChangeEvent;)V" line-rate="1.0" branch-rate="1.0">
							<lines>
							</lines>
						</method>
						<method name="access$3200" signature="(Lbr/ufrn/GUI/Sensores;Ljava/awt/event/ActionEvent;)V" line-rate="1.0" branch-rate="1.0">
							<lines>
							</lines>
						</method>
						<method name="access$3300" signature="(Lbr/ufrn/GUI/Sensores;Ljavax/swing/event/ChangeEvent;)V" line-rate="1.0" branch-rate="1.0">
							<lines>
							</lines>
						</method>
						<method name="access$3400" signature="(Lbr/ufrn/GUI/Sensores;Ljava/awt/event/ActionEvent;)V" line-rate="1.0" branch-rate="1.0">
							<lines>
							</lines>
						</method>
						<method name="access$3500" signature="(Lbr/ufrn/GUI/Sensores;Ljavax/swing/event/ChangeEvent;)V" line-rate="1.0" branch-rate="1.0">
							<lines>
							</lines>
						</method>
						<method name="access$3600" signature="(Lbr/ufrn/GUI/Sensores;Ljavax/swing/event/ChangeEvent;)V" line-rate="1.0" branch-rate="1.0">
							<lines>
							</lines>
						</method>
						<method name="access$3700" signature="(Lbr/ufrn/GUI/Sensores;Ljavax/swing/event/ChangeEvent;)V" line-rate="1.0" branch-rate="1.0">
							<lines>
							</lines>
						</method>
						<method name="access$3800" signature="(Lbr/ufrn/GUI/Sensores;Ljavax/swing/event/ChangeEvent;)V" line-rate="1.0" branch-rate="1.0">
							<lines>
							</lines>
						</method>
						<method name="access$3900" signature="(Lbr/ufrn/GUI/Sensores;Ljavax/swing/event/ChangeEvent;)V" line-rate="1.0" branch-rate="1.0">
							<lines>
							</lines>
						</method>
						<method name="access$400" signature="(Lbr/ufrn/GUI/Sensores;Ljavax/swing/event/ChangeEvent;)V" line-rate="1.0" branch-rate="1.0">
							<lines>
							</lines>
						</method>
						<method name="access$4000" signature="(Lbr/ufrn/GUI/Sensores;Ljavax/swing/event/ChangeEvent;)V" line-rate="1.0" branch-rate="1.0">
							<lines>
							</lines>
						</method>
						<method name="access$4100" signature="(Lbr/ufrn/GUI/Sensores;Ljava/awt/event/ActionEvent;)V" line-rate="1.0" branch-rate="1.0">
							<lines>
							</lines>
						</method>
						<method name="access$4200" signature="(Lbr/ufrn/GUI/Sensores;Ljavax/swing/event/ChangeEvent;)V" line-rate="1.0" branch-rate="1.0">
							<lines>
							</lines>
						</method>
						<method name="access$4300" signature="(Lbr/ufrn/GUI/Sensores;Ljavax/swing/event/ChangeEvent;)V" line-rate="1.0" branch-rate="1.0">
							<lines>
							</lines>
						</method>
						<method name="access$4400" signature="(Lbr/ufrn/GUI/Sensores;Ljava/awt/event/ActionEvent;)V" line-rate="1.0" branch-rate="1.0">
							<lines>
							</lines>
						</method>
						<method name="access$4500" signature="(Lbr/ufrn/GUI/Sensores;Ljavax/swing/event/ChangeEvent;)V" line-rate="1.0" branch-rate="1.0">
							<lines>
							</lines>
						</method>
						<method name="access$4600" signature="(Lbr/ufrn/GUI/Sensores;Ljava/awt/event/ActionEvent;)V" line-rate="1.0" branch-rate="1.0">
							<lines>
							</lines>
						</method>
						<method name="access$4700" signature="(Lbr/ufrn/GUI/Sensores;Ljavax/swing/event/ChangeEvent;)V" line-rate="0.0" branch-rate="1.0">
							<lines>
								<line number="14" hits="0" branch="false"/>
							</lines>
						</method>
						<method name="access$500" signature="(Lbr/ufrn/GUI/Sensores;Ljava/awt/event/ActionEvent;)V" line-rate="1.0" branch-rate="1.0">
							<lines>
							</lines>
						</method>
						<method name="access$600" signature="(Lbr/ufrn/GUI/Sensores;Ljavax/swing/event/ChangeEvent;)V" line-rate="1.0" branch-rate="1.0">
							<lines>
							</lines>
						</method>
						<method name="access$700" signature="(Lbr/ufrn/GUI/Sensores;Ljavax/swing/event/ChangeEvent;)V" line-rate="1.0" branch-rate="1.0">
							<lines>
							</lines>
						</method>
						<method name="access$800" signature="(Lbr/ufrn/GUI/Sensores;Ljava/awt/event/ActionEvent;)V" line-rate="1.0" branch-rate="1.0">
							<lines>
							</lines>
						</method>
						<method name="access$900" signature="(Lbr/ufrn/GUI/Sensores;Ljavax/swing/event/ChangeEvent;)V" line-rate="1.0" branch-rate="1.0">
							<lines>
							</lines>
						</method>
						<method name="initComponents" signature="()V" line-rate="0.0" branch-rate="1.0">
							<lines>
								<line number="32" hits="0" branch="false"/>
								<line number="33" hits="0" branch="false"/>
								<line number="34" hits="0" branch="false"/>
								<line number="35" hits="0" branch="false"/>
								<line number="36" hits="0" branch="false"/>
								<line number="37" hits="0" branch="false"/>
								<line number="38" hits="0" branch="false"/>
								<line number="39" hits="0" branch="false"/>
								<line number="40" hits="0" branch="false"/>
								<line number="41" hits="0" branch="false"/>
								<line number="42" hits="0" branch="false"/>
								<line number="43" hits="0" branch="false"/>
								<line number="44" hits="0" branch="false"/>
								<line number="45" hits="0" branch="false"/>
								<line number="46" hits="0" branch="false"/>
								<line number="47" hits="0" branch="false"/>
								<line number="48" hits="0" branch="false"/>
								<line number="49" hits="0" branch="false"/>
								<line number="50" hits="0" branch="false"/>
								<line number="51" hits="0" branch="false"/>
								<line number="52" hits="0" branch="false"/>
								<line number="53" hits="0" branch="false"/>
								<line number="54" hits="0" branch="false"/>
								<line number="55" hits="0" branch="false"/>
								<line number="56" hits="0" branch="false"/>
								<line number="57" hits="0" branch="false"/>
								<line number="58" hits="0" branch="false"/>
								<line number="59" hits="0" branch="false"/>
								<line number="60" hits="0" branch="false"/>
								<line number="61" hits="0" branch="false"/>
								<line number="62" hits="0" branch="false"/>
								<line number="63" hits="0" branch="false"/>
								<line number="64" hits="0" branch="false"/>
								<line number="65" hits="0" branch="false"/>
								<line number="66" hits="0" branch="false"/>
								<line number="67" hits="0" branch="false"/>
								<line number="68" hits="0" branch="false"/>
								<line number="69" hits="0" branch="false"/>
								<line number="70" hits="0" branch="false"/>
								<line number="71" hits="0" branch="false"/>
								<line number="72" hits="0" branch="false"/>
								<line number="73" hits="0" branch="false"/>
								<line number="74" hits="0" branch="false"/>
								<line number="75" hits="0" branch="false"/>
								<line number="76" hits="0" branch="false"/>
								<line number="77" hits="0" branch="false"/>
								<line number="78" hits="0" branch="false"/>
								<line number="79" hits="0" branch="false"/>
								<line number="80" hits="0" branch="false"/>
								<line number="81" hits="0" branch="false"/>
								<line number="82" hits="0" branch="false"/>
								<line number="83" hits="0" branch="false"/>
								<line number="84" hits="0" branch="false"/>
								<line number="85" hits="0" branch="false"/>
								<line number="86" hits="0" branch="false"/>
								<line number="87" hits="0" branch="false"/>
								<line number="88" hits="0" branch="false"/>
								<line number="89" hits="0" branch="false"/>
								<line number="90" hits="0" branch="false"/>
								<line number="91" hits="0" branch="false"/>
								<line number="92" hits="0" branch="false"/>
								<line number="93" hits="0" branch="false"/>
								<line number="94" hits="0" branch="false"/>
								<line number="95" hits="0" branch="false"/>
								<line number="96" hits="0" branch="false"/>
								<line number="97" hits="0" branch="false"/>
								<line number="98" hits="0" branch="false"/>
								<line number="99" hits="0" branch="false"/>
								<line number="101" hits="0" branch="false"/>
								<line number="103" hits="0" branch="false"/>
								<line number="104" hits="0" branch="false"/>
								<line number="106" hits="0" branch="false"/>
								<line number="107" hits="0" branch="false"/>
								<line number="108" hits="0" branch="false"/>
								<line number="109" hits="0" branch="false"/>
								<line number="110" hits="0" branch="false"/>
								<line number="116" hits="0" branch="false"/>
								<line number="117" hits="0" branch="false"/>
								<line number="118" hits="0" branch="false"/>
								<line number="119" hits="0" branch="false"/>
								<line number="120" hits="0" branch="false"/>
								<line number="126" hits="0" branch="false"/>
								<line number="127" hits="0" branch="false"/>
								<line number="128" hits="0" branch="false"/>
								<line number="129" hits="0" branch="false"/>
								<line number="130" hits="0" branch="false"/>
								<line number="136" hits="0" branch="false"/>
								<line number="137" hits="0" branch="false"/>
								<line number="138" hits="0" branch="false"/>
								<line number="139" hits="0" branch="false"/>
								<line number="140" hits="0" branch="false"/>
								<line number="141" hits="0" branch="false"/>
								<line number="147" hits="0" branch="false"/>
								<line number="148" hits="0" branch="false"/>
								<line number="149" hits="0" branch="false"/>
								<line number="150" hits="0" branch="false"/>
								<line number="151" hits="0" branch="false"/>
								<line number="157" hits="0" branch="false"/>
								<line number="158" hits="0" branch="false"/>
								<line number="164" hits="0" branch="false"/>
								<line number="166" hits="0" branch="false"/>
								<line number="167" hits="0" branch="false"/>
								<line number="168" hits="0" branch="false"/>
								<line number="169" hits="0" branch="false"/>
								<line number="170" hits="0" branch="false"/>
								<line number="171" hits="0" branch="false"/>
								<line number="177" hits="0" branch="false"/>
								<line number="178" hits="0" branch="false"/>
								<line number="179" hits="0" branch="false"/>
								<line number="180" hits="0" branch="false"/>
								<line number="181" hits="0" branch="false"/>
								<line number="187" hits="0" branch="false"/>
								<line number="188" hits="0" branch="false"/>
								<line number="194" hits="0" branch="false"/>
								<line number="195" hits="0" branch="false"/>
								<line number="196" hits="0" branch="false"/>
								<line number="197" hits="0" branch="false"/>
								<line number="198" hits="0" branch="false"/>
								<line number="204" hits="0" branch="false"/>
								<line number="205" hits="0" branch="false"/>
								<line number="211" hits="0" branch="false"/>
								<line number="213" hits="0" branch="false"/>
								<line number="214" hits="0" branch="false"/>
								<line number="215" hits="0" branch="false"/>
								<line number="216" hits="0" branch="false"/>
								<line number="222" hits="0" branch="false"/>
								<line number="223" hits="0" branch="false"/>
								<line number="224" hits="0" branch="false"/>
								<line number="265" hits="0" branch="false"/>
								<line number="301" hits="0" branch="false"/>
								<line number="302" hits="0" branch="false"/>
								<line number="304" hits="0" branch="false"/>
								<line number="305" hits="0" branch="false"/>
								<line number="306" hits="0" branch="false"/>
								<line number="307" hits="0" branch="false"/>
								<line number="308" hits="0" branch="false"/>
								<line number="314" hits="0" branch="false"/>
								<line number="315" hits="0" branch="false"/>
								<line number="316" hits="0" branch="false"/>
								<line number="317" hits="0" branch="false"/>
								<line number="318" hits="0" branch="false"/>
								<line number="324" hits="0" branch="false"/>
								<line number="325" hits="0" branch="false"/>
								<line number="326" hits="0" branch="false"/>
								<line number="327" hits="0" branch="false"/>
								<line number="328" hits="0" branch="false"/>
								<line number="334" hits="0" branch="false"/>
								<line number="335" hits="0" branch="false"/>
								<line number="336" hits="0" branch="false"/>
								<line number="337" hits="0" branch="false"/>
								<line number="338" hits="0" branch="false"/>
								<line number="339" hits="0" branch="false"/>
								<line number="345" hits="0" branch="false"/>
								<line number="346" hits="0" branch="false"/>
								<line number="347" hits="0" branch="false"/>
								<line number="348" hits="0" branch="false"/>
								<line number="349" hits="0" branch="false"/>
								<line number="355" hits="0" branch="false"/>
								<line number="356" hits="0" branch="false"/>
								<line number="362" hits="0" branch="false"/>
								<line number="364" hits="0" branch="false"/>
								<line number="365" hits="0" branch="false"/>
								<line number="366" hits="0" branch="false"/>
								<line number="367" hits="0" branch="false"/>
								<line number="368" hits="0" branch="false"/>
								<line number="369" hits="0" branch="false"/>
								<line number="375" hits="0" branch="false"/>
								<line number="376" hits="0" branch="false"/>
								<line number="377" hits="0" branch="false"/>
								<line number="378" hits="0" branch="false"/>
								<line number="379" hits="0" branch="false"/>
								<line number="385" hits="0" branch="false"/>
								<line number="386" hits="0" branch="false"/>
								<line number="392" hits="0" branch="false"/>
								<line number="393" hits="0" branch="false"/>
								<line number="394" hits="0" branch="false"/>
								<line number="395" hits="0" branch="false"/>
								<line number="396" hits="0" branch="false"/>
								<line number="402" hits="0" branch="false"/>
								<line number="403" hits="0" branch="false"/>
								<line number="409" hits="0" branch="false"/>
								<line number="411" hits="0" branch="false"/>
								<line number="412" hits="0" branch="false"/>
								<line number="413" hits="0" branch="false"/>
								<line number="414" hits="0" branch="false"/>
								<line number="420" hits="0" branch="false"/>
								<line number="421" hits="0" branch="false"/>
								<line number="422" hits="0" branch="false"/>
								<line number="463" hits="0" branch="false"/>
								<line number="500" hits="0" branch="false"/>
								<line number="501" hits="0" branch="false"/>
								<line number="503" hits="0" branch="false"/>
								<line number="504" hits="0" branch="false"/>
								<line number="505" hits="0" branch="false"/>
								<line number="506" hits="0" branch="false"/>
								<line number="507" hits="0" branch="false"/>
								<line number="513" hits="0" branch="false"/>
								<line number="514" hits="0" branch="false"/>
								<line number="515" hits="0" branch="false"/>
								<line number="516" hits="0" branch="false"/>
								<line number="517" hits="0" branch="false"/>
								<line number="523" hits="0" branch="false"/>
								<line number="524" hits="0" branch="false"/>
								<line number="525" hits="0" branch="false"/>
								<line number="526" hits="0" branch="false"/>
								<line number="527" hits="0" branch="false"/>
								<line number="533" hits="0" branch="false"/>
								<line number="534" hits="0" branch="false"/>
								<line number="535" hits="0" branch="false"/>
								<line number="536" hits="0" branch="false"/>
								<line number="537" hits="0" branch="false"/>
								<line number="538" hits="0" branch="false"/>
								<line number="544" hits="0" branch="false"/>
								<line number="545" hits="0" branch="false"/>
								<line number="546" hits="0" branch="false"/>
								<line number="547" hits="0" branch="false"/>
								<line number="548" hits="0" branch="false"/>
								<line number="554" hits="0" branch="false"/>
								<line number="555" hits="0" branch="false"/>
								<line number="561" hits="0" branch="false"/>
								<line number="563" hits="0" branch="false"/>
								<line number="564" hits="0" branch="false"/>
								<line number="565" hits="0" branch="false"/>
								<line number="566" hits="0" branch="false"/>
								<line number="567" hits="0" branch="false"/>
								<line number="568" hits="0" branch="false"/>
								<line number="574" hits="0" branch="false"/>
								<line number="575" hits="0" branch="false"/>
								<line number="576" hits="0" branch="false"/>
								<line number="577" hits="0" branch="false"/>
								<line number="578" hits="0" branch="false"/>
								<line number="584" hits="0" branch="false"/>
								<line number="585" hits="0" branch="false"/>
								<line number="591" hits="0" branch="false"/>
								<line number="592" hits="0" branch="false"/>
								<line number="593" hits="0" branch="false"/>
								<line number="594" hits="0" branch="false"/>
								<line number="595" hits="0" branch="false"/>
								<line number="601" hits="0" branch="false"/>
								<line number="602" hits="0" branch="false"/>
								<line number="608" hits="0" branch="false"/>
								<line number="610" hits="0" branch="false"/>
								<line number="611" hits="0" branch="false"/>
								<line number="612" hits="0" branch="false"/>
								<line number="613" hits="0" branch="false"/>
								<line number="619" hits="0" branch="false"/>
								<line number="620" hits="0" branch="false"/>
								<line number="621" hits="0" branch="false"/>
								<line number="662" hits="0" branch="false"/>
								<line number="698" hits="0" branch="false"/>
								<line number="699" hits="0" branch="false"/>
								<line number="701" hits="0" branch="false"/>
								<line number="702" hits="0" branch="false"/>
								<line number="703" hits="0" branch="false"/>
								<line number="704" hits="0" branch="false"/>
								<line number="705" hits="0" branch="false"/>
								<line number="711" hits="0" branch="false"/>
								<line number="712" hits="0" branch="false"/>
								<line number="713" hits="0" branch="false"/>
								<line number="714" hits="0" branch="false"/>
								<line number="715" hits="0" branch="false"/>
								<line number="721" hits="0" branch="false"/>
								<line number="722" hits="0" branch="false"/>
								<line number="723" hits="0" branch="false"/>
								<line number="724" hits="0" branch="false"/>
								<line number="725" hits="0" branch="false"/>
								<line number="731" hits="0" branch="false"/>
								<line number="732" hits="0" branch="false"/>
								<line number="733" hits="0" branch="false"/>
								<line number="734" hits="0" branch="false"/>
								<line number="735" hits="0" branch="false"/>
								<line number="736" hits="0" branch="false"/>
								<line number="742" hits="0" branch="false"/>
								<line number="743" hits="0" branch="false"/>
								<line number="744" hits="0" branch="false"/>
								<line number="745" hits="0" branch="false"/>
								<line number="746" hits="0" branch="false"/>
								<line number="752" hits="0" branch="false"/>
								<line number="753" hits="0" branch="false"/>
								<line number="759" hits="0" branch="false"/>
								<line number="761" hits="0" branch="false"/>
								<line number="762" hits="0" branch="false"/>
								<line number="763" hits="0" branch="false"/>
								<line number="764" hits="0" branch="false"/>
								<line number="765" hits="0" branch="false"/>
								<line number="766" hits="0" branch="false"/>
								<line number="772" hits="0" branch="false"/>
								<line number="773" hits="0" branch="false"/>
								<line number="774" hits="0" branch="false"/>
								<line number="775" hits="0" branch="false"/>
								<line number="776" hits="0" branch="false"/>
								<line number="782" hits="0" branch="false"/>
								<line number="783" hits="0" branch="false"/>
								<line number="789" hits="0" branch="false"/>
								<line number="790" hits="0" branch="false"/>
								<line number="791" hits="0" branch="false"/>
								<line number="792" hits="0" branch="false"/>
								<line number="793" hits="0" branch="false"/>
								<line number="799" hits="0" branch="false"/>
								<line number="800" hits="0" branch="false"/>
								<line number="806" hits="0" branch="false"/>
								<line number="808" hits="0" branch="false"/>
								<line number="809" hits="0" branch="false"/>
								<line number="810" hits="0" branch="false"/>
								<line number="811" hits="0" branch="false"/>
								<line number="817" hits="0" branch="false"/>
								<line number="818" hits="0" branch="false"/>
								<line number="819" hits="0" branch="false"/>
								<line number="860" hits="0" branch="false"/>
								<line number="896" hits="0" branch="false"/>
								<line number="897" hits="0" branch="false"/>
								<line number="898" hits="0" branch="false"/>
								<line number="909" hits="0" branch="false"/>
								<line number="917" hits="0" branch="false"/>
								<line number="918" hits="0" branch="false"/>
							</lines>
						</method>
						<method name="jSliderAgenteA1StateChanged" signature="(Ljavax/swing/event/ChangeEvent;)V" line-rate="0.0" branch-rate="1.0">
							<lines>
								<line number="1154" hits="0" branch="false"/>
								<line number="1155" hits="0" branch="false"/>
							</lines>
						</method>
						<method name="jSliderAgenteA2StateChanged" signature="(Ljavax/swing/event/ChangeEvent;)V" line-rate="0.0" branch-rate="1.0">
							<lines>
								<line number="1158" hits="0" branch="false"/>
								<line number="1159" hits="0" branch="false"/>
							</lines>
						</method>
						<method name="jSliderAgenteA3StateChanged" signature="(Ljavax/swing/event/ChangeEvent;)V" line-rate="0.0" branch-rate="1.0">
							<lines>
								<line number="1162" hits="0" branch="false"/>
								<line number="1163" hits="0" branch="false"/>
							</lines>
						</method>
						<method name="jSliderAgenteA4StateChanged" signature="(Ljavax/swing/event/ChangeEvent;)V" line-rate="0.0" branch-rate="1.0">
							<lines>
								<line number="1166" hits="0" branch="false"/>
								<line number="1167" hits="0" branch="false"/>
							</lines>
						</method>
						<method name="main" signature="([Ljava/lang/String;)V" line-rate="0.0" branch-rate="0.0">
							<lines>
								<line number="1179" hits="0" branch="true" condition-coverage="0% (0/2)">
									<conditions>
										<condition number="0" type="jump" coverage="0%"/>
									</conditions>
								</line>
								<line number="1180" hits="0" branch="true" condition-coverage="0% (0/2)">
									<conditions>
										<condition number="0" type="jump" coverage="0%"/>
									</conditions>
								</line>
								<line number="1181" hits="0" branch="false"/>
								<line number="1182" hits="0" branch="false"/>
								<line number="1185" hits="0" branch="false"/>
								<line number="1186" hits="0" branch="false"/>
								<line number="1187" hits="0" branch="false"/>
								<line number="1188" hits="0" branch="false"/>
								<line number="1189" hits="0" branch="false"/>
								<line number="1190" hits="0" branch="false"/>
								<line number="1191" hits="0" branch="false"/>
								<line number="1192" hits="0" branch="false"/>
								<line number="1193" hits="0" branch="false"/>
								<line number="1197" hits="0" branch="false"/>
								<line number="1202" hits="0" branch="false"/>
							</lines>
						</method>
					</methods>
					<lines>
						<line number="14" hits="0" branch="false"/>
						<line number="19" hits="0" branch="false"/>
						<line number="20" hits="0" branch="false"/>
						<line number="21" hits="0" branch="false"/>
						<line number="32" hits="0" branch="false"/>
						<line number="33" hits="0" branch="false"/>
						<line number="34" hits="0" branch="false"/>
						<line number="35" hits="0" branch="false"/>
						<line number="36" hits="0" branch="false"/>
						<line number="37" hits="0" branch="false"/>
						<line number="38" hits="0" branch="false"/>
						<line number="39" hits="0" branch="false"/>
						<line number="40" hits="0" branch="false"/>
						<line number="41" hits="0" branch="false"/>
						<line number="42" hits="0" branch="false"/>
						<line number="43" hits="0" branch="false"/>
						<line number="44" hits="0" branch="false"/>
						<line number="45" hits="0" branch="false"/>
						<line number="46" hits="0" branch="false"/>
						<line number="47" hits="0" branch="false"/>
						<line number="48" hits="0" branch="false"/>
						<line number="49" hits="0" branch="false"/>
						<line number="50" hits="0" branch="false"/>
						<line number="51" hits="0" branch="false"/>
						<line number="52" hits="0" branch="false"/>
						<line number="53" hits="0" branch="false"/>
						<line number="54" hits="0" branch="false"/>
						<line number="55" hits="0" branch="false"/>
						<line number="56" hits="0" branch="false"/>
						<line number="57" hits="0" branch="false"/>
						<line number="58" hits="0" branch="false"/>
						<line number="59" hits="0" branch="false"/>
						<line number="60" hits="0" branch="false"/>
						<line number="61" hits="0" branch="false"/>
						<line number="62" hits="0" branch="false"/>
						<line number="63" hits="0" branch="false"/>
						<line number="64" hits="0" branch="false"/>
						<line number="65" hits="0" branch="false"/>
						<line number="66" hits="0" branch="false"/>
						<line number="67" hits="0" branch="false"/>
						<line number="68" hits="0" branch="false"/>
						<line number="69" hits="0" branch="false"/>
						<line number="70" hits="0" branch="false"/>
						<line number="71" hits="0" branch="false"/>
						<line number="72" hits="0" branch="false"/>
						<line number="73" hits="0" branch="false"/>
						<line number="74" hits="0" branch="false"/>
						<line number="75" hits="0" branch="false"/>
						<line number="76" hits="0" branch="false"/>
						<line number="77" hits="0" branch="false"/>
						<line number="78" hits="0" branch="false"/>
						<line number="79" hits="0" branch="false"/>
						<line number="80" hits="0" branch="false"/>
						<line number="81" hits="0" branch="false"/>
						<line number="82" hits="0" branch="false"/>
						<line number="83" hits="0" branch="false"/>
						<line number="84" hits="0" branch="false"/>
						<line number="85" hits="0" branch="false"/>
						<line number="86" hits="0" branch="false"/>
						<line number="87" hits="0" branch="false"/>
						<line number="88" hits="0" branch="false"/>
						<line number="89" hits="0" branch="false"/>
						<line number="90" hits="0" branch="false"/>
						<line number="91" hits="0" branch="false"/>
						<line number="92" hits="0" branch="false"/>
						<line number="93" hits="0" branch="false"/>
						<line number="94" hits="0" branch="false"/>
						<line number="95" hits="0" branch="false"/>
						<line number="96" hits="0" branch="false"/>
						<line number="97" hits="0" branch="false"/>
						<line number="98" hits="0" branch="false"/>
						<line number="99" hits="0" branch="false"/>
						<line number="101" hits="0" branch="false"/>
						<line number="103" hits="0" branch="false"/>
						<line number="104" hits="0" branch="false"/>
						<line number="106" hits="0" branch="false"/>
						<line number="107" hits="0" branch="false"/>
						<line number="108" hits="0" branch="false"/>
						<line number="109" hits="0" branch="false"/>
						<line number="110" hits="0" branch="false"/>
						<line number="116" hits="0" branch="false"/>
						<line number="117" hits="0" branch="false"/>
						<line number="118" hits="0" branch="false"/>
						<line number="119" hits="0" branch="false"/>
						<line number="120" hits="0" branch="false"/>
						<line number="126" hits="0" branch="false"/>
						<line number="127" hits="0" branch="false"/>
						<line number="128" hits="0" branch="false"/>
						<line number="129" hits="0" branch="false"/>
						<line number="130" hits="0" branch="false"/>
						<line number="136" hits="0" branch="false"/>
						<line number="137" hits="0" branch="false"/>
						<line number="138" hits="0" branch="false"/>
						<line number="139" hits="0" branch="false"/>
						<line number="140" hits="0" branch="false"/>
						<line number="141" hits="0" branch="false"/>
						<line number="147" hits="0" branch="false"/>
						<line number="148" hits="0" branch="false"/>
						<line number="149" hits="0" branch="false"/>
						<line number="150" hits="0" branch="false"/>
						<line number="151" hits="0" branch="false"/>
						<line number="157" hits="0" branch="false"/>
						<line number="158" hits="0" branch="false"/>
						<line number="164" hits="0" branch="false"/>
						<line number="166" hits="0" branch="false"/>
						<line number="167" hits="0" branch="false"/>
						<line number="168" hits="0" branch="false"/>
						<line number="169" hits="0" branch="false"/>
						<line number="170" hits="0" branch="false"/>
						<line number="171" hits="0" branch="false"/>
						<line number="177" hits="0" branch="false"/>
						<line number="178" hits="0" branch="false"/>
						<line number="179" hits="0" branch="false"/>
						<line number="180" hits="0" branch="false"/>
						<line number="181" hits="0" branch="false"/>
						<line number="187" hits="0" branch="false"/>
						<line number="188" hits="0" branch="false"/>
						<line number="194" hits="0" branch="false"/>
						<line number="195" hits="0" branch="false"/>
						<line number="196" hits="0" branch="false"/>
						<line number="197" hits="0" branch="false"/>
						<line number="198" hits="0" branch="false"/>
						<line number="204" hits="0" branch="false"/>
						<line number="205" hits="0" branch="false"/>
						<line number="211" hits="0" branch="false"/>
						<line number="213" hits="0" branch="false"/>
						<line number="214" hits="0" branch="false"/>
						<line number="215" hits="0" branch="false"/>
						<line number="216" hits="0" branch="false"/>
						<line number="222" hits="0" branch="false"/>
						<line number="223" hits="0" branch="false"/>
						<line number="224" hits="0" branch="false"/>
						<line number="265" hits="0" branch="false"/>
						<line number="301" hits="0" branch="false"/>
						<line number="302" hits="0" branch="false"/>
						<line number="304" hits="0" branch="false"/>
						<line number="305" hits="0" branch="false"/>
						<line number="306" hits="0" branch="false"/>
						<line number="307" hits="0" branch="false"/>
						<line number="308" hits="0" branch="false"/>
						<line number="314" hits="0" branch="false"/>
						<line number="315" hits="0" branch="false"/>
						<line number="316" hits="0" branch="false"/>
						<line number="317" hits="0" branch="false"/>
						<line number="318" hits="0" branch="false"/>
						<line number="324" hits="0" branch="false"/>
						<line number="325" hits="0" branch="false"/>
						<line number="326" hits="0" branch="false"/>
						<line number="327" hits="0" branch="false"/>
						<line number="328" hits="0" branch="false"/>
						<line number="334" hits="0" branch="false"/>
						<line number="335" hits="0" branch="false"/>
						<line number="336" hits="0" branch="false"/>
						<line number="337" hits="0" branch="false"/>
						<line number="338" hits="0" branch="false"/>
						<line number="339" hits="0" branch="false"/>
						<line number="345" hits="0" branch="false"/>
						<line number="346" hits="0" branch="false"/>
						<line number="347" hits="0" branch="false"/>
						<line number="348" hits="0" branch="false"/>
						<line number="349" hits="0" branch="false"/>
						<line number="355" hits="0" branch="false"/>
						<line number="356" hits="0" branch="false"/>
						<line number="362" hits="0" branch="false"/>
						<line number="364" hits="0" branch="false"/>
						<line number="365" hits="0" branch="false"/>
						<line number="366" hits="0" branch="false"/>
						<line number="367" hits="0" branch="false"/>
						<line number="368" hits="0" branch="false"/>
						<line number="369" hits="0" branch="false"/>
						<line number="375" hits="0" branch="false"/>
						<line number="376" hits="0" branch="false"/>
						<line number="377" hits="0" branch="false"/>
						<line number="378" hits="0" branch="false"/>
						<line number="379" hits="0" branch="false"/>
						<line number="385" hits="0" branch="false"/>
						<line number="386" hits="0" branch="false"/>
						<line number="392" hits="0" branch="false"/>
						<line number="393" hits="0" branch="false"/>
						<line number="394" hits="0" branch="false"/>
						<line number="395" hits="0" branch="false"/>
						<line number="396" hits="0" branch="false"/>
						<line number="402" hits="0" branch="false"/>
						<line number="403" hits="0" branch="false"/>
						<line number="409" hits="0" branch="false"/>
						<line number="411" hits="0" branch="false"/>
						<line number="412" hits="0" branch="false"/>
						<line number="413" hits="0" branch="false"/>
						<line number="414" hits="0" branch="false"/>
						<line number="420" hits="0" branch="false"/>
						<line number="421" hits="0" branch="false"/>
						<line number="422" hits="0" branch="false"/>
						<line number="463" hits="0" branch="false"/>
						<line number="500" hits="0" branch="false"/>
						<line number="501" hits="0" branch="false"/>
						<line number="503" hits="0" branch="false"/>
						<line number="504" hits="0" branch="false"/>
						<line number="505" hits="0" branch="false"/>
						<line number="506" hits="0" branch="false"/>
						<line number="507" hits="0" branch="false"/>
						<line number="513" hits="0" branch="false"/>
						<line number="514" hits="0" branch="false"/>
						<line number="515" hits="0" branch="false"/>
						<line number="516" hits="0" branch="false"/>
						<line number="517" hits="0" branch="false"/>
						<line number="523" hits="0" branch="false"/>
						<line number="524" hits="0" branch="false"/>
						<line number="525" hits="0" branch="false"/>
						<line number="526" hits="0" branch="false"/>
						<line number="527" hits="0" branch="false"/>
						<line number="533" hits="0" branch="false"/>
						<line number="534" hits="0" branch="false"/>
						<line number="535" hits="0" branch="false"/>
						<line number="536" hits="0" branch="false"/>
						<line number="537" hits="0" branch="false"/>
						<line number="538" hits="0" branch="false"/>
						<line number="544" hits="0" branch="false"/>
						<line number="545" hits="0" branch="false"/>
						<line number="546" hits="0" branch="false"/>
						<line number="547" hits="0" branch="false"/>
						<line number="548" hits="0" branch="false"/>
						<line number="554" hits="0" branch="false"/>
						<line number="555" hits="0" branch="false"/>
						<line number="561" hits="0" branch="false"/>
						<line number="563" hits="0" branch="false"/>
						<line number="564" hits="0" branch="false"/>
						<line number="565" hits="0" branch="false"/>
						<line number="566" hits="0" branch="false"/>
						<line number="567" hits="0" branch="false"/>
						<line number="568" hits="0" branch="false"/>
						<line number="574" hits="0" branch="false"/>
						<line number="575" hits="0" branch="false"/>
						<line number="576" hits="0" branch="false"/>
						<line number="577" hits="0" branch="false"/>
						<line number="578" hits="0" branch="false"/>
						<line number="584" hits="0" branch="false"/>
						<line number="585" hits="0" branch="false"/>
						<line number="591" hits="0" branch="false"/>
						<line number="592" hits="0" branch="false"/>
						<line number="593" hits="0" branch="false"/>
						<line number="594" hits="0" branch="false"/>
						<line number="595" hits="0" branch="false"/>
						<line number="601" hits="0" branch="false"/>
						<line number="602" hits="0" branch="false"/>
						<line number="608" hits="0" branch="false"/>
						<line number="610" hits="0" branch="false"/>
						<line number="611" hits="0" branch="false"/>
						<line number="612" hits="0" branch="false"/>
						<line number="613" hits="0" branch="false"/>
						<line number="619" hits="0" branch="false"/>
						<line number="620" hits="0" branch="false"/>
						<line number="621" hits="0" branch="false"/>
						<line number="662" hits="0" branch="false"/>
						<line number="698" hits="0" branch="false"/>
						<line number="699" hits="0" branch="false"/>
						<line number="701" hits="0" branch="false"/>
						<line number="702" hits="0" branch="false"/>
						<line number="703" hits="0" branch="false"/>
						<line number="704" hits="0" branch="false"/>
						<line number="705" hits="0" branch="false"/>
						<line number="711" hits="0" branch="false"/>
						<line number="712" hits="0" branch="false"/>
						<line number="713" hits="0" branch="false"/>
						<line number="714" hits="0" branch="false"/>
						<line number="715" hits="0" branch="false"/>
						<line number="721" hits="0" branch="false"/>
						<line number="722" hits="0" branch="false"/>
						<line number="723" hits="0" branch="false"/>
						<line number="724" hits="0" branch="false"/>
						<line number="725" hits="0" branch="false"/>
						<line number="731" hits="0" branch="false"/>
						<line number="732" hits="0" branch="false"/>
						<line number="733" hits="0" branch="false"/>
						<line number="734" hits="0" branch="false"/>
						<line number="735" hits="0" branch="false"/>
						<line number="736" hits="0" branch="false"/>
						<line number="742" hits="0" branch="false"/>
						<line number="743" hits="0" branch="false"/>
						<line number="744" hits="0" branch="false"/>
						<line number="745" hits="0" branch="false"/>
						<line number="746" hits="0" branch="false"/>
						<line number="752" hits="0" branch="false"/>
						<line number="753" hits="0" branch="false"/>
						<line number="759" hits="0" branch="false"/>
						<line number="761" hits="0" branch="false"/>
						<line number="762" hits="0" branch="false"/>
						<line number="763" hits="0" branch="false"/>
						<line number="764" hits="0" branch="false"/>
						<line number="765" hits="0" branch="false"/>
						<line number="766" hits="0" branch="false"/>
						<line number="772" hits="0" branch="false"/>
						<line number="773" hits="0" branch="false"/>
						<line number="774" hits="0" branch="false"/>
						<line number="775" hits="0" branch="false"/>
						<line number="776" hits="0" branch="false"/>
						<line number="782" hits="0" branch="false"/>
						<line number="783" hits="0" branch="false"/>
						<line number="789" hits="0" branch="false"/>
						<line number="790" hits="0" branch="false"/>
						<line number="791" hits="0" branch="false"/>
						<line number="792" hits="0" branch="false"/>
						<line number="793" hits="0" branch="false"/>
						<line number="799" hits="0" branch="false"/>
						<line number="800" hits="0" branch="false"/>
						<line number="806" hits="0" branch="false"/>
						<line number="808" hits="0" branch="false"/>
						<line number="809" hits="0" branch="false"/>
						<line number="810" hits="0" branch="false"/>
						<line number="811" hits="0" branch="false"/>
						<line number="817" hits="0" branch="false"/>
						<line number="818" hits="0" branch="false"/>
						<line number="819" hits="0" branch="false"/>
						<line number="860" hits="0" branch="false"/>
						<line number="896" hits="0" branch="false"/>
						<line number="897" hits="0" branch="false"/>
						<line number="898" hits="0" branch="false"/>
						<line number="909" hits="0" branch="false"/>
						<line number="917" hits="0" branch="false"/>
						<line number="918" hits="0" branch="false"/>
						<line number="919" hits="0" branch="false"/>
						<line number="922" hits="0" branch="false"/>
						<line number="923" hits="0" branch="false"/>
						<line number="926" hits="0" branch="false"/>
						<line number="927" hits="0" branch="false"/>
						<line number="930" hits="0" branch="false"/>
						<line number="931" hits="0" branch="false"/>
						<line number="934" hits="0" branch="false"/>
						<line number="935" hits="0" branch="false"/>
						<line number="938" hits="0" branch="false"/>
						<line number="939" hits="0" branch="false"/>
						<line number="942" hits="0" branch="false"/>
						<line number="943" hits="0" branch="false"/>
						<line number="946" hits="0" branch="false"/>
						<line number="947" hits="0" branch="false"/>
						<line number="950" hits="0" branch="false"/>
						<line number="951" hits="0" branch="false"/>
						<line number="954" hits="0" branch="false"/>
						<line number="955" hits="0" branch="false"/>
						<line number="958" hits="0" branch="false"/>
						<line number="959" hits="0" branch="false"/>
						<line number="962" hits="0" branch="false"/>
						<line number="963" hits="0" branch="false"/>
						<line number="966" hits="0" branch="false"/>
						<line number="967" hits="0" branch="false"/>
						<line number="970" hits="0" branch="false"/>
						<line number="971" hits="0" branch="false"/>
						<line number="974" hits="0" branch="false"/>
						<line number="975" hits="0" branch="false"/>
						<line number="978" hits="0" branch="false"/>
						<line number="979" hits="0" branch="false"/>
						<line number="982" hits="0" branch="false"/>
						<line number="983" hits="0" branch="false"/>
						<line number="986" hits="0" branch="false"/>
						<line number="987" hits="0" branch="false"/>
						<line number="990" hits="0" branch="false"/>
						<line number="991" hits="0" branch="false"/>
						<line number="994" hits="0" branch="false"/>
						<line number="995" hits="0" branch="false"/>
						<line number="998" hits="0" branch="false"/>
						<line number="999" hits="0" branch="false"/>
						<line number="1002" hits="0" branch="false"/>
						<line number="1003" hits="0" branch="false"/>
						<line number="1004" hits="0" branch="false"/>
						<line number="1007" hits="0" branch="false"/>
						<line number="1008" hits="0" branch="false"/>
						<line number="1009" hits="0" branch="false"/>
						<line number="1012" hits="0" branch="false"/>
						<line number="1013" hits="0" branch="false"/>
						<line number="1014" hits="0" branch="false"/>
						<line number="1017" hits="0" branch="false"/>
						<line number="1018" hits="0" branch="false"/>
						<line number="1019" hits="0" branch="false"/>
						<line number="1022" hits="0" branch="false"/>
						<line number="1023" hits="0" branch="false"/>
						<line number="1026" hits="0" branch="false"/>
						<line number="1027" hits="0" branch="false"/>
						<line number="1030" hits="0" branch="false"/>
						<line number="1031" hits="0" branch="false"/>
						<line number="1034" hits="0" branch="false"/>
						<line number="1035" hits="0" branch="false"/>
						<line number="1038" hits="0" branch="false"/>
						<line number="1039" hits="0" branch="false"/>
						<line number="1042" hits="0" branch="false"/>
						<line number="1043" hits="0" branch="false"/>
						<line number="1046" hits="0" branch="false"/>
						<line number="1047" hits="0" branch="false"/>
						<line number="1050" hits="0" branch="false"/>
						<line number="1051" hits="0" branch="false"/>
						<line number="1054" hits="0" branch="true" condition-coverage="0% (0/2)">
							<conditions>
								<condition number="0" type="jump" coverage="0%"/>
							</conditions>
						</line>
						<line number="1055" hits="0" branch="false"/>
						<line number="1057" hits="0" branch="false"/>
						<line number="1059" hits="0" branch="false"/>
						<line number="1062" hits="0" branch="true" condition-coverage="0% (0/2)">
							<conditions>
								<condition number="0" type="jump" coverage="0%"/>
							</conditions>
						</line>
						<line number="1063" hits="0" branch="false"/>
						<line number="1065" hits="0" branch="false"/>
						<line number="1067" hits="0" branch="false"/>
						<line number="1070" hits="0" branch="true" condition-coverage="0% (0/2)">
							<conditions>
								<condition number="0" type="jump" coverage="0%"/>
							</conditions>
						</line>
						<line number="1071" hits="0" branch="false"/>
						<line number="1073" hits="0" branch="false"/>
						<line number="1075" hits="0" branch="false"/>
						<line number="1078" hits="0" branch="true" condition-coverage="0% (0/2)">
							<conditions>
								<condition number="0" type="jump" coverage="0%"/>
							</conditions>
						</line>
						<line number="1079" hits="0" branch="false"/>
						<line number="1081" hits="0" branch="false"/>
						<line number="1083" hits="0" branch="false"/>
						<line number="1086" hits="0" branch="false"/>
						<line number="1087" hits="0" branch="true" condition-coverage="0% (0/10)">
							<conditions>
								<condition number="0" type="jump" coverage="0%"/>
								<condition number="1" type="jump" coverage="0%"/>
								<condition number="2" type="jump" coverage="0%"/>
								<condition number="3" type="jump" coverage="0%"/>
								<condition number="4" type="jump" coverage="0%"/>
							</conditions>
						</line>
						<line number="1088" hits="0" branch="false"/>
						<line number="1089" hits="0" branch="false"/>
						<line number="1090" hits="0" branch="false"/>
						<line number="1091" hits="0" branch="false"/>
						<line number="1092" hits="0" branch="false"/>
						<line number="1095" hits="0" branch="false"/>
						<line number="1098" hits="0" branch="false"/>
						<line number="1099" hits="0" branch="true" condition-coverage="0% (0/10)">
							<conditions>
								<condition number="0" type="jump" coverage="0%"/>
								<condition number="1" type="jump" coverage="0%"/>
								<condition number="2" type="jump" coverage="0%"/>
								<condition number="3" type="jump" coverage="0%"/>
								<condition number="4" type="jump" coverage="0%"/>
							</conditions>
						</line>
						<line number="1100" hits="0" branch="false"/>
						<line number="1101" hits="0" branch="false"/>
						<line number="1102" hits="0" branch="false"/>
						<line number="1103" hits="0" branch="false"/>
						<line number="1104" hits="0" branch="false"/>
						<line number="1107" hits="0" branch="false"/>
						<line number="1110" hits="0" branch="false"/>
						<line number="1111" hits="0" branch="true" condition-coverage="0% (0/10)">
							<conditions>
								<condition number="0" type="jump" coverage="0%"/>
								<condition number="1" type="jump" coverage="0%"/>
								<condition number="2" type="jump" coverage="0%"/>
								<condition number="3" type="jump" coverage="0%"/>
								<condition number="4" type="jump" coverage="0%"/>
							</conditions>
						</line>
						<line number="1112" hits="0" branch="false"/>
						<line number="1113" hits="0" branch="false"/>
						<line number="1114" hits="0" branch="false"/>
						<line number="1115" hits="0" branch="false"/>
						<line number="1116" hits="0" branch="false"/>
						<line number="1119" hits="0" branch="false"/>
						<line number="1122" hits="0" branch="false"/>
						<line number="1123" hits="0" branch="true" condition-coverage="0% (0/10)">
							<conditions>
								<condition number="0" type="jump" coverage="0%"/>
								<condition number="1" type="jump" coverage="0%"/>
								<condition number="2" type="jump" coverage="0%"/>
								<condition number="3" type="jump" coverage="0%"/>
								<condition number="4" type="jump" coverage="0%"/>
							</conditions>
						</line>
						<line number="1124" hits="0" branch="false"/>
						<line number="1125" hits="0" branch="false"/>
						<line number="1126" hits="0" branch="false"/>
						<line number="1127" hits="0" branch="false"/>
						<line number="1128" hits="0" branch="false"/>
						<line number="1131" hits="0" branch="false"/>
						<line number="1134" hits="0" branch="false"/>
						<line number="1135" hits="0" branch="false"/>
						<line number="1136" hits="0" branch="false"/>
						<line number="1139" hits="0" branch="false"/>
						<line number="1140" hits="0" branch="false"/>
						<line number="1141" hits="0" branch="false"/>
						<line number="1144" hits="0" branch="false"/>
						<line number="1145" hits="0" branch="false"/>
						<line number="1146" hits="0" branch="false"/>
						<line number="1149" hits="0" branch="false"/>
						<line number="1150" hits="0" branch="false"/>
						<line number="1151" hits="0" branch="false"/>
						<line number="1154" hits="0" branch="false"/>
						<line number="1155" hits="0" branch="false"/>
						<line number="1158" hits="0" branch="false"/>
						<line number="1159" hits="0" branch="false"/>
						<line number="1162" hits="0" branch="false"/>
						<line number="1163" hits="0" branch="false"/>
						<line number="1166" hits="0" branch="false"/>
						<line number="1167" hits="0" branch="false"/>
						<line number="1179" hits="0" branch="true" condition-coverage="0% (0/2)">
							<conditions>
								<condition number="0" type="jump" coverage="0%"/>
							</conditions>
						</line>
						<line number="1180" hits="0" branch="true" condition-coverage="0% (0/2)">
							<conditions>
								<condition number="0" type="jump" coverage="0%"/>
							</conditions>
						</line>
						<line number="1181" hits="0" branch="false"/>
						<line number="1182" hits="0" branch="false"/>
						<line number="1185" hits="0" branch="false"/>
						<line number="1186" hits="0" branch="false"/>
						<line number="1187" hits="0" branch="false"/>
						<line number="1188" hits="0" branch="false"/>
						<line number="1189" hits="0" branch="false"/>
						<line number="1190" hits="0" branch="false"/>
						<line number="1191" hits="0" branch="false"/>
						<line number="1192" hits="0" branch="false"/>
						<line number="1193" hits="0" branch="false"/>
						<line number="1197" hits="0" branch="false"/>
						<line number="1202" hits="0" branch="false"/>
					</lines>
				</class>
				<class name="br.ufrn.GUI.Sensores$1" filename="br/ufrn/GUI/Sensores.java" line-rate="0.0" branch-rate="1.0" complexity="1.3">
					<methods>
						<method name="&lt;init&gt;" signature="(Lbr/ufrn/GUI/Sensores;)V" line-rate="0.0" branch-rate="1.0">
							<lines>
								<line number="110" hits="0" branch="false"/>
							</lines>
						</method>
						<method name="stateChanged" signature="(Ljavax/swing/event/ChangeEvent;)V" line-rate="0.0" branch-rate="1.0">
							<lines>
								<line number="112" hits="0" branch="false"/>
								<line number="113" hits="0" branch="false"/>
							</lines>
						</method>
					</methods>
					<lines>
						<line number="110" hits="0" branch="false"/>
						<line number="112" hits="0" branch="false"/>
						<line number="113" hits="0" branch="false"/>
					</lines>
				</class>
				<class name="br.ufrn.GUI.Sensores$10" filename="br/ufrn/GUI/Sensores.java" line-rate="0.0" branch-rate="1.0" complexity="1.3">
					<methods>
						<method name="&lt;init&gt;" signature="(Lbr/ufrn/GUI/Sensores;)V" line-rate="0.0" branch-rate="1.0">
							<lines>
								<line number="198" hits="0" branch="false"/>
							</lines>
						</method>
						<method name="stateChanged" signature="(Ljavax/swing/event/ChangeEvent;)V" line-rate="0.0" branch-rate="1.0">
							<lines>
								<line number="200" hits="0" branch="false"/>
								<line number="201" hits="0" branch="false"/>
							</lines>
						</method>
					</methods>
					<lines>
						<line number="198" hits="0" branch="false"/>
						<line number="200" hits="0" branch="false"/>
						<line number="201" hits="0" branch="false"/>
					</lines>
				</class>
				<class name="br.ufrn.GUI.Sensores$11" filename="br/ufrn/GUI/Sensores.java" line-rate="0.0" branch-rate="1.0" complexity="1.3">
					<methods>
						<method name="&lt;init&gt;" signature="(Lbr/ufrn/GUI/Sensores;)V" line-rate="0.0" branch-rate="1.0">
							<lines>
								<line number="205" hits="0" branch="false"/>
							</lines>
						</method>
						<method name="actionPerformed" signature="(Ljava/awt/event/ActionEvent;)V" line-rate="0.0" branch-rate="1.0">
							<lines>
								<line number="207" hits="0" branch="false"/>
								<line number="208" hits="0" branch="false"/>
							</lines>
						</method>
					</methods>
					<lines>
						<line number="205" hits="0" branch="false"/>
						<line number="207" hits="0" branch="false"/>
						<line number="208" hits="0" branch="false"/>
					</lines>
				</class>
				<class name="br.ufrn.GUI.Sensores$12" filename="br/ufrn/GUI/Sensores.java" line-rate="0.0" branch-rate="1.0" complexity="1.3">
					<methods>
						<method name="&lt;init&gt;" signature="(Lbr/ufrn/GUI/Sensores;)V" line-rate="0.0" branch-rate="1.0">
							<lines>
								<line number="216" hits="0" branch="false"/>
							</lines>
						</method>
						<method name="stateChanged" signature="(Ljavax/swing/event/ChangeEvent;)V" line-rate="0.0" branch-rate="1.0">
							<lines>
								<line number="218" hits="0" branch="false"/>
								<line number="219" hits="0" branch="false"/>
							</lines>
						</method>
					</methods>
					<lines>
						<line number="216" hits="0" branch="false"/>
						<line number="218" hits="0" branch="false"/>
						<line number="219" hits="0" branch="false"/>
					</lines>
				</class>
				<class name="br.ufrn.GUI.Sensores$13" filename="br/ufrn/GUI/Sensores.java" line-rate="0.0" branch-rate="1.0" complexity="1.3">
					<methods>
						<method name="&lt;init&gt;" signature="(Lbr/ufrn/GUI/Sensores;)V" line-rate="0.0" branch-rate="1.0">
							<lines>
								<line number="308" hits="0" branch="false"/>
							</lines>
						</method>
						<method name="stateChanged" signature="(Ljavax/swing/event/ChangeEvent;)V" line-rate="0.0" branch-rate="1.0">
							<lines>
								<line number="310" hits="0" branch="false"/>
								<line number="311" hits="0" branch="false"/>
							</lines>
						</method>
					</methods>
					<lines>
						<line number="308" hits="0" branch="false"/>
						<line number="310" hits="0" branch="false"/>
						<line number="311" hits="0" branch="false"/>
					</lines>
				</class>
				<class name="br.ufrn.GUI.Sensores$14" filename="br/ufrn/GUI/Sensores.java" line-rate="0.0" branch-rate="1.0" complexity="1.3">
					<methods>
						<method name="&lt;init&gt;" signature="(Lbr/ufrn/GUI/Sensores;)V" line-rate="0.0" branch-rate="1.0">
							<lines>
								<line number="318" hits="0" branch="false"/>
							</lines>
						</method>
						<method name="stateChanged" signature="(Ljavax/swing/event/ChangeEvent;)V" line-rate="0.0" branch-rate="1.0">
							<lines>
								<line number="320" hits="0" branch="false"/>
								<line number="321" hits="0" branch="false"/>
							</lines>
						</method>
					</methods>
					<lines>
						<line number="318" hits="0" branch="false"/>
						<line number="320" hits="0" branch="false"/>
						<line number="321" hits="0" branch="false"/>
					</lines>
				</class>
				<class name="br.ufrn.GUI.Sensores$15" filename="br/ufrn/GUI/Sensores.java" line-rate="0.0" branch-rate="1.0" complexity="1.3">
					<methods>
						<method name="&lt;init&gt;" signature="(Lbr/ufrn/GUI/Sensores;)V" line-rate="0.0" branch-rate="1.0">
							<lines>
								<line number="328" hits="0" branch="false"/>
							</lines>
						</method>
						<method name="stateChanged" signature="(Ljavax/swing/event/ChangeEvent;)V" line-rate="0.0" branch-rate="1.0">
							<lines>
								<line number="330" hits="0" branch="false"/>
								<line number="331" hits="0" branch="false"/>
							</lines>
						</method>
					</methods>
					<lines>
						<line number="328" hits="0" branch="false"/>
						<line number="330" hits="0" branch="false"/>
						<line number="331" hits="0" branch="false"/>
					</lines>
				</class>
				<class name="br.ufrn.GUI.Sensores$16" filename="br/ufrn/GUI/Sensores.java" line-rate="0.0" branch-rate="1.0" complexity="1.3">
					<methods>
						<method name="&lt;init&gt;" signature="(Lbr/ufrn/GUI/Sensores;)V" line-rate="0.0" branch-rate="1.0">
							<lines>
								<line number="339" hits="0" branch="false"/>
							</lines>
						</method>
						<method name="stateChanged" signature="(Ljavax/swing/event/ChangeEvent;)V" line-rate="0.0" branch-rate="1.0">
							<lines>
								<line number="341" hits="0" branch="false"/>
								<line number="342" hits="0" branch="false"/>
							</lines>
						</method>
					</methods>
					<lines>
						<line number="339" hits="0" branch="false"/>
						<line number="341" hits="0" branch="false"/>
						<line number="342" hits="0" branch="false"/>
					</lines>
				</class>
				<class name="br.ufrn.GUI.Sensores$17" filename="br/ufrn/GUI/Sensores.java" line-rate="0.0" branch-rate="1.0" complexity="1.3">
					<methods>
						<method name="&lt;init&gt;" signature="(Lbr/ufrn/GUI/Sensores;)V" line-rate="0.0" branch-rate="1.0">
							<lines>
								<line number="349" hits="0" branch="false"/>
							</lines>
						</method>
						<method name="stateChanged" signature="(Ljavax/swing/event/ChangeEvent;)V" line-rate="0.0" branch-rate="1.0">
							<lines>
								<line number="351" hits="0" branch="false"/>
								<line number="352" hits="0" branch="false"/>
							</lines>
						</method>
					</methods>
					<lines>
						<line number="349" hits="0" branch="false"/>
						<line number="351" hits="0" branch="false"/>
						<line number="352" hits="0" branch="false"/>
					</lines>
				</class>
				<class name="br.ufrn.GUI.Sensores$18" filename="br/ufrn/GUI/Sensores.java" line-rate="0.0" branch-rate="1.0" complexity="1.3">
					<methods>
						<method name="&lt;init&gt;" signature="(Lbr/ufrn/GUI/Sensores;)V" line-rate="0.0" branch-rate="1.0">
							<lines>
								<line number="356" hits="0" branch="false"/>
							</lines>
[...]
					<methods>
						<method name="&lt;init&gt;" signature="(Lbr/ufrn/GUI/Sensores;)V" line-rate="0.0" branch-rate="1.0">
							<lines>
								<line number="766" hits="0" branch="false"/>
							</lines>
						</method>
						<method name="stateChanged" signature="(Ljavax/swing/event/ChangeEvent;)V" line-rate="0.0" branch-rate="1.0">
							<lines>
								<line number="768" hits="0" branch="false"/>
								<line number="769" hits="0" branch="false"/>
							</lines>
						</method>
					</methods>
					<lines>
						<line number="766" hits="0" branch="false"/>
						<line number="768" hits="0" branch="false"/>
						<line number="769" hits="0" branch="false"/>
					</lines>
				</class>
				<class name="br.ufrn.GUI.Sensores$44" filename="br/ufrn/GUI/Sensores.java" line-rate="0.0" branch-rate="1.0" complexity="1.3">
					<methods>
						<method name="&lt;init&gt;" signature="(Lbr/ufrn/GUI/Sensores;)V" line-rate="0.0" branch-rate="1.0">
							<lines>
								<line number="776" hits="0" branch="false"/>
							</lines>
						</method>
						<method name="stateChanged" signature="(Ljavax/swing/event/ChangeEvent;)V" line-rate="0.0" branch-rate="1.0">
							<lines>
								<line number="778" hits="0" branch="false"/>
								<line number="779" hits="0" branch="false"/>
							</lines>
						</method>
					</methods>
					<lines>
						<line number="776" hits="0" branch="false"/>
						<line number="778" hits="0" branch="false"/>
						<line number="779" hits="0" branch="false"/>
					</lines>
				</class>
				<class name="br.ufrn.GUI.Sensores$45" filename="br/ufrn/GUI/Sensores.java" line-rate="0.0" branch-rate="1.0" complexity="1.3">
					<methods>
						<method name="&lt;init&gt;" signature="(Lbr/ufrn/GUI/Sensores;)V" line-rate="0.0" branch-rate="1.0">
							<lines>
								<line number="783" hits="0" branch="false"/>
							</lines>
						</method>
						<method name="actionPerformed" signature="(Ljava/awt/event/ActionEvent;)V" line-rate="0.0" branch-rate="1.0">
							<lines>
								<line number="785" hits="0" branch="false"/>
								<line number="786" hits="0" branch="false"/>
							</lines>
						</method>
					</methods>
					<lines>
						<line number="783" hits="0" branch="false"/>
						<line number="785" hits="0" branch="false"/>
						<line number="786" hits="0" branch="false"/>
					</lines>
				</class>
				<class name="br.ufrn.GUI.Sensores$46" filename="br/ufrn/GUI/Sensores.java" line-rate="0.0" branch-rate="1.0" complexity="1.3">
					<methods>
						<method name="&lt;init&gt;" signature="(Lbr/ufrn/GUI/Sensores;)V" line-rate="0.0" branch-rate="1.0">
							<lines>
								<line number="793" hits="0" branch="false"/>
							</lines>
						</method>
						<method name="stateChanged" signature="(Ljavax/swing/event/ChangeEvent;)V" line-rate="0.0" branch-rate="1.0">
							<lines>
								<line number="795" hits="0" branch="false"/>
								<line number="796" hits="0" branch="false"/>
							</lines>
						</method>
					</methods>
					<lines>
						<line number="793" hits="0" branch="false"/>
						<line number="795" hits="0" branch="false"/>
						<line number="796" hits="0" branch="false"/>
					</lines>
				</class>
				<class name="br.ufrn.GUI.Sensores$47" filename="br/ufrn/GUI/Sensores.java" line-rate="0.0" branch-rate="1.0" complexity="1.3">
					<methods>
						<method name="&lt;init&gt;" signature="(Lbr/ufrn/GUI/Sensores;)V" line-rate="0.0" branch-rate="1.0">
							<lines>
								<line number="800" hits="0" branch="false"/>
							</lines>
						</method>
						<method name="actionPerformed" signature="(Ljava/awt/event/ActionEvent;)V" line-rate="0.0" branch-rate="1.0">
							<lines>
								<line number="802" hits="0" branch="false"/>
								<line number="803" hits="0" branch="false"/>
							</lines>
						</method>
					</methods>
					<lines>
						<line number="800" hits="0" branch="false"/>
						<line number="802" hits="0" branch="false"/>
						<line number="803" hits="0" branch="false"/>
					</lines>
				</class>
				<class name="br.ufrn.GUI.Sensores$48" filename="br/ufrn/GUI/Sensores.java" line-rate="0.0" branch-rate="1.0" complexity="1.3">
					<methods>
						<method name="&lt;init&gt;" signature="(Lbr/ufrn/GUI/Sensores;)V" line-rate="0.0" branch-rate="1.0">
							<lines>
								<line number="811" hits="0" branch="false"/>
							</lines>
						</method>
						<method name="stateChanged" signature="(Ljavax/swing/event/ChangeEvent;)V" line-rate="0.0" branch-rate="1.0">
							<lines>
								<line number="813" hits="0" branch="false"/>
								<line number="814" hits="0" branch="false"/>
							</lines>
						</method>
					</methods>
					<lines>
						<line number="811" hits="0" branch="false"/>
						<line number="813" hits="0" branch="false"/>
						<line number="814" hits="0" branch="false"/>
					</lines>
				</class>
				<class name="br.ufrn.GUI.Sensores$49" filename="br/ufrn/GUI/Sensores.java" line-rate="0.0" branch-rate="1.0" complexity="1.3">
					<methods>
						<method name="&lt;init&gt;" signature="()V" line-rate="0.0" branch-rate="1.0">
							<lines>
								<line number="1197" hits="0" branch="false"/>
							</lines>
						</method>
						<method name="run" signature="()V" line-rate="0.0" branch-rate="1.0">
							<lines>
								<line number="1199" hits="0" branch="false"/>
								<line number="1200" hits="0" branch="false"/>
							</lines>
						</method>
					</methods>
					<lines>
						<line number="1197" hits="0" branch="false"/>
						<line number="1199" hits="0" branch="false"/>
						<line number="1200" hits="0" branch="false"/>
					</lines>
				</class>
				<class name="br.ufrn.GUI.Sensores$5" filename="br/ufrn/GUI/Sensores.java" line-rate="0.0" branch-rate="1.0" complexity="1.3">
					<methods>
						<method name="&lt;init&gt;" signature="(Lbr/ufrn/GUI/Sensores;)V" line-rate="0.0" branch-rate="1.0">
							<lines>
								<line number="151" hits="0" branch="false"/>
							</lines>
						</method>
						<method name="stateChanged" signature="(Ljavax/swing/event/ChangeEvent;)V" line-rate="0.0" branch-rate="1.0">
							<lines>
								<line number="153" hits="0" branch="false"/>
								<line number="154" hits="0" branch="false"/>
							</lines>
						</method>
					</methods>
					<lines>
						<line number="151" hits="0" branch="false"/>
						<line number="153" hits="0" branch="false"/>
						<line number="154" hits="0" branch="false"/>
					</lines>
				</class>
				<class name="br.ufrn.GUI.Sensores$6" filename="br/ufrn/GUI/Sensores.java" line-rate="0.0" branch-rate="1.0" complexity="1.3">
					<methods>
						<method name="&lt;init&gt;" signature="(Lbr/ufrn/GUI/Sensores;)V" line-rate="0.0" branch-rate="1.0">
							<lines>
								<line number="158" hits="0" branch="false"/>
							</lines>
						</method>
						<method name="actionPerformed" signature="(Ljava/awt/event/ActionEvent;)V" line-rate="0.0" branch-rate="1.0">
							<lines>
								<line number="160" hits="0" branch="false"/>
								<line number="161" hits="0" branch="false"/>
							</lines>
						</method>
					</methods>
					<lines>
						<line number="158" hits="0" branch="false"/>
						<line number="160" hits="0" branch="false"/>
						<line number="161" hits="0" branch="false"/>
					</lines>
				</class>
				<class name="br.ufrn.GUI.Sensores$7" filename="br/ufrn/GUI/Sensores.java" line-rate="0.0" branch-rate="1.0" complexity="1.3">
					<methods>
						<method name="&lt;init&gt;" signature="(Lbr/ufrn/GUI/Sensores;)V" line-rate="0.0" branch-rate="1.0">
							<lines>
								<line number="171" hits="0" branch="false"/>
							</lines>
						</method>
						<method name="stateChanged" signature="(Ljavax/swing/event/ChangeEvent;)V" line-rate="0.0" branch-rate="1.0">
							<lines>
								<line number="173" hits="0" branch="false"/>
								<line number="174" hits="0" branch="false"/>
							</lines>
						</method>
					</methods>
					<lines>
						<line number="171" hits="0" branch="false"/>
						<line number="173" hits="0" branch="false"/>
						<line number="174" hits="0" branch="false"/>
					</lines>
				</class>
				<class name="br.ufrn.GUI.Sensores$8" filename="br/ufrn/GUI/Sensores.java" line-rate="0.0" branch-rate="1.0" complexity="1.3">
					<methods>
						<method name="&lt;init&gt;" signature="(Lbr/ufrn/GUI/Sensores;)V" line-rate="0.0" branch-rate="1.0">
							<lines>
								<line number="181" hits="0" branch="false"/>
							</lines>
						</method>
						<method name="stateChanged" signature="(Ljavax/swing/event/ChangeEvent;)V" line-rate="0.0" branch-rate="1.0">
							<lines>
								<line number="183" hits="0" branch="false"/>
								<line number="184" hits="0" branch="false"/>
							</lines>
						</method>
					</methods>
					<lines>
						<line number="181" hits="0" branch="false"/>
						<line number="183" hits="0" branch="false"/>
						<line number="184" hits="0" branch="false"/>
					</lines>
				</class>
				<class name="br.ufrn.GUI.Sensores$9" filename="br/ufrn/GUI/Sensores.java" line-rate="0.0" branch-rate="1.0" complexity="1.3">
					<methods>
						<method name="&lt;init&gt;" signature="(Lbr/ufrn/GUI/Sensores;)V" line-rate="0.0" branch-rate="1.0">
							<lines>
								<line number="188" hits="0" branch="false"/>
							</lines>
						</method>
						<method name="actionPerformed" signature="(Ljava/awt/event/ActionEvent;)V" line-rate="0.0" branch-rate="1.0">
							<lines>
								<line number="190" hits="0" branch="false"/>
								<line number="191" hits="0" branch="false"/>
							</lines>
						</method>
					</methods>
					<lines>
						<line number="188" hits="0" branch="false"/>
						<line number="190" hits="0" branch="false"/>
						<line number="191" hits="0" branch="false"/>
					</lines>
				</class>
			</classes>
		</package>
		<package name="br.ufrn.controlers" line-rate="0.0" branch-rate="1.0" complexity="1.0">
			<classes>
				<class name="br.ufrn.controlers.AtualizarInformacoesDeContexto" filename="br/ufrn/controlers/AtualizarInformacoesDeContexto.java" line-rate="1.0" branch-rate="1.0" complexity="1.0">
					<methods>
					</methods>
					<lines>
					</lines>
				</class>
				<class name="br.ufrn.controlers.ConcreteAtualizarInformaçõesDeContexto" filename="br/ufrn/controlers/ConcreteAtualizarInformaçõesDeContexto.java" line-rate="0.0" branch-rate="1.0" complexity="1.0">
					<methods>
						<method name="&lt;clinit&gt;" signature="()V" line-rate="0.0" branch-rate="1.0">
							<lines>
								<line number="19" hits="0" branch="false"/>
							</lines>
						</method>
						<method name="&lt;init&gt;" signature="()V" line-rate="0.0" branch-rate="1.0">
							<lines>
								<line number="14" hits="0" branch="false"/>
								<line number="18" hits="0" branch="false"/>
							</lines>
						</method>
						<method name="atualizarAgenteProximo" signature="(Ljava/lang/Integer;Ljava/lang/String;)V" line-rate="0.0" branch-rate="1.0">
							<lines>
								<line number="83" hits="0" branch="false"/>
								<line number="84" hits="0" branch="false"/>
								<line number="85" hits="0" branch="false"/>
							</lines>
						</method>
						<method name="atualizarDistanciaAgente" signature="(Ljava/lang/Integer;Ljava/lang/Integer;)V" line-rate="0.0" branch-rate="1.0">
							<lines>
								<line number="89" hits="0" branch="false"/>
								<line number="90" hits="0" branch="false"/>
								<line number="91" hits="0" branch="false"/>
							</lines>
						</method>
						<method name="atualizarFluxoDeVeiculos" signature="(Ljava/lang/Integer;Ljava/lang/Integer;)V" line-rate="0.0" branch-rate="1.0">
							<lines>
								<line number="29" hits="0" branch="false"/>
								<line number="30" hits="0" branch="false"/>
								<line number="31" hits="0" branch="false"/>
							</lines>
						</method>
						<method name="atualizarHumidade" signature="(Ljava/lang/Integer;Ljava/lang/Integer;)V" line-rate="0.0" branch-rate="1.0">
							<lines>
								<line number="65" hits="0" branch="false"/>
								<line number="66" hits="0" branch="false"/>
								<line number="67" hits="0" branch="false"/>
							</lines>
						</method>
						<method name="atualizarIncidenciaDeIncendio" signature="(Ljava/lang/Integer;Ljava/lang/Integer;)V" line-rate="0.0" branch-rate="1.0">
							<lines>
								<line number="71" hits="0" branch="false"/>
								<line number="72" hits="0" branch="false"/>
								<line number="73" hits="0" branch="false"/>
							</lines>
						</method>
						<method name="atualizarIndicePoluicao" signature="(Ljava/lang/Integer;Ljava/lang/Integer;)V" line-rate="0.0" branch-rate="1.0">
							<lines>
								<line number="23" hits="0" branch="false"/>
								<line number="24" hits="0" branch="false"/>
								<line number="25" hits="0" branch="false"/>
							</lines>
						</method>
						<method name="atualizarProbalidadeChuva" signature="(Ljava/lang/Integer;Ljava/lang/Integer;)V" line-rate="0.0" branch-rate="1.0">
							<lines>
								<line number="47" hits="0" branch="false"/>
								<line number="48" hits="0" branch="false"/>
								<line number="49" hits="0" branch="false"/>
							</lines>
						</method>
						<method name="atualizarQuantidadeLixo" signature="(Ljava/lang/Integer;Ljava/lang/Integer;)V" line-rate="0.0" branch-rate="1.0">
							<lines>
								<line number="77" hits="0" branch="false"/>
								<line number="78" hits="0" branch="false"/>
								<line number="79" hits="0" branch="false"/>
							</lines>
						</method>
						<method name="atualizarQuantidadeRuido" signature="(Ljava/lang/Integer;Ljava/lang/Integer;)V" line-rate="0.0" branch-rate="1.0">
							<lines>
								<line number="53" hits="0" branch="false"/>
								<line number="54" hits="0" branch="false"/>
								<line number="55" hits="0" branch="false"/>
							</lines>
						</method>
						<method name="atualizarTemeperatura" signature="(Ljava/lang/Integer;Ljava/lang/Integer;)V" line-rate="0.0" branch-rate="1.0">
							<lines>
								<line number="59" hits="0" branch="false"/>
								<line number="60" hits="0" branch="false"/>
								<line number="61" hits="0" branch="false"/>
							</lines>
						</method>
						<method name="atualizarVelociadeDoVento" signature="(Ljava/lang/Integer;Ljava/lang/Integer;)V" line-rate="0.0" branch-rate="1.0">
							<lines>
								<line number="35" hits="0" branch="false"/>
								<line number="36" hits="0" branch="false"/>
								<line number="37" hits="0" branch="false"/>
							</lines>
						</method>
						<method name="atualizardirecaoDoVento" signature="(Ljava/lang/Integer;Ljava/lang/String;)V" line-rate="0.0" branch-rate="1.0">
							<lines>
								<line number="41" hits="0" branch="false"/>
								<line number="42" hits="0" branch="false"/>
								<line number="43" hits="0" branch="false"/>
							</lines>
						</method>
					</methods>
					<lines>
						<line number="14" hits="0" branch="false"/>
						<line number="18" hits="0" branch="false"/>
						<line number="19" hits="0" branch="false"/>
						<line number="23" hits="0" branch="false"/>
						<line number="24" hits="0" branch="false"/>
						<line number="25" hits="0" branch="false"/>
						<line number="29" hits="0" branch="false"/>
						<line number="30" hits="0" branch="false"/>
						<line number="31" hits="0" branch="false"/>
						<line number="35" hits="0" branch="false"/>
						<line number="36" hits="0" branch="false"/>
						<line number="37" hits="0" branch="false"/>
						<line number="41" hits="0" branch="false"/>
						<line number="42" hits="0" branch="false"/>
						<line number="43" hits="0" branch="false"/>
						<line number="47" hits="0" branch="false"/>
						<line number="48" hits="0" branch="false"/>
						<line number="49" hits="0" branch="false"/>
						<line number="53" hits="0" branch="false"/>
						<line number="54" hits="0" branch="false"/>
						<line number="55" hits="0" branch="false"/>
						<line number="59" hits="0" branch="false"/>
						<line number="60" hits="0" branch="false"/>
						<line number="61" hits="0" branch="false"/>
						<line number="65" hits="0" branch="false"/>
						<line number="66" hits="0" branch="false"/>
						<line number="67" hits="0" branch="false"/>
						<line number="71" hits="0" branch="false"/>
						<line number="72" hits="0" branch="false"/>
						<line number="73" hits="0" branch="false"/>
						<line number="77" hits="0" branch="false"/>
						<line number="78" hits="0" branch="false"/>
						<line number="79" hits="0" branch="false"/>
						<line number="83" hits="0" branch="false"/>
						<line number="84" hits="0" branch="false"/>
						<line number="85" hits="0" branch="false"/>
						<line number="89" hits="0" branch="false"/>
						<line number="90" hits="0" branch="false"/>
						<line number="91" hits="0" branch="false"/>
					</lines>
				</class>
				<class name="br.ufrn.controlers.testes" filename="br/ufrn/controlers/testes.java" line-rate="0.0" branch-rate="1.0" complexity="1.0">
					<methods>
						<method name="&lt;init&gt;" signature="()V" line-rate="0.0" branch-rate="1.0">
							<lines>
								<line number="11" hits="0" branch="false"/>
							</lines>
						</method>
						<method name="main" signature="([Ljava/lang/String;)V" line-rate="0.0" branch-rate="1.0">
							<lines>
								<line number="15" hits="0" branch="false"/>
								<line number="17" hits="0" branch="false"/>
								<line number="18" hits="0" branch="false"/>
								<line number="19" hits="0" branch="false"/>
								<line number="20" hits="0" branch="false"/>
								<line number="21" hits="0" branch="false"/>
								<line number="22" hits="0" branch="false"/>
								<line number="23" hits="0" branch="false"/>
								<line number="24" hits="0" branch="false"/>
								<line number="25" hits="0" branch="false"/>
								<line number="26" hits="0" branch="false"/>
								<line number="27" hits="0" branch="false"/>
								<line number="28" hits="0" branch="false"/>
								<line number="29" hits="0" branch="false"/>
								<line number="30" hits="0" branch="false"/>
								<line number="31" hits="0" branch="false"/>
								<line number="32" hits="0" branch="false"/>
								<line number="33" hits="0" branch="false"/>
								<line number="34" hits="0" branch="false"/>
								<line number="35" hits="0" branch="false"/>
								<line number="36" hits="0" branch="false"/>
								<line number="37" hits="0" branch="false"/>
								<line number="38" hits="0" branch="false"/>
								<line number="40" hits="0" branch="false"/>
							</lines>
						</method>
					</methods>
					<lines>
						<line number="11" hits="0" branch="false"/>
						<line number="15" hits="0" branch="false"/>
						<line number="17" hits="0" branch="false"/>
						<line number="18" hits="0" branch="false"/>
						<line number="19" hits="0" branch="false"/>
						<line number="20" hits="0" branch="false"/>
						<line number="21" hits="0" branch="false"/>
						<line number="22" hits="0" branch="false"/>
						<line number="23" hits="0" branch="false"/>
						<line number="24" hits="0" branch="false"/>
						<line number="25" hits="0" branch="false"/>
						<line number="26" hits="0" branch="false"/>
						<line number="27" hits="0" branch="false"/>
						<line number="28" hits="0" branch="false"/>
						<line number="29" hits="0" branch="false"/>
						<line number="30" hits="0" branch="false"/>
						<line number="31" hits="0" branch="false"/>
						<line number="32" hits="0" branch="false"/>
						<line number="33" hits="0" branch="false"/>
						<line number="34" hits="0" branch="false"/>
						<line number="35" hits="0" branch="false"/>
						<line number="36" hits="0" branch="false"/>
						<line number="37" hits="0" branch="false"/>
						<line number="38" hits="0" branch="false"/>
						<line number="40" hits="0" branch="false"/>
					</lines>
				</class>
			</classes>
		</package>
	</packages>
</coverage>
